Build started 3/30/2016 11:20:39 AM.
     1>Project "\\dav.edu\Students\HS18$\cacarte87\My Documents\Visual Studio 2013\Projects\Final Project\Project45\Project45.vcxproj" on node 2 (Build target(s)).
     1>ClCompile:
         C:\Program Files (x86)\Microsoft Visual Studio 12.0\VC\bin\CL.exe /c /ZI /nologo /W3 /WX- /sdl /Od /Oy- /D _MBCS /Gm /EHsc /RTC1 /MDd /GS /fp:precise /Zc:wchar_t /Zc:forScope /Fo"Debug\\" /Fd"Debug\vc120.pdb" /Gd /TP /analyze- /errorReport:prompt Game.cpp
         Game.cpp
     1>\\dav.edu\students\hs18$\cacarte87\my documents\visual studio 2013\projects\final project\project45\stats.h(16): error C2061: syntax error : identifier 'string'
     1>\\dav.edu\students\hs18$\cacarte87\my documents\visual studio 2013\projects\final project\project45\stats.h(19): error C2146: syntax error : missing ';' before identifier 'getCharac'
     1>\\dav.edu\students\hs18$\cacarte87\my documents\visual studio 2013\projects\final project\project45\stats.h(19): error C4430: missing type specifier - int assumed. Note: C++ does not support default-int
     1>\\dav.edu\students\hs18$\cacarte87\my documents\visual studio 2013\projects\final project\project45\stats.h(21): warning C4183: 'getCharac': missing return type; assumed to be a member function returning 'int'
     1>\\dav.edu\students\hs18$\cacarte87\my documents\visual studio 2013\projects\final project\project45\stats.h(35): error C2146: syntax error : missing ';' before identifier 'charac'
     1>\\dav.edu\students\hs18$\cacarte87\my documents\visual studio 2013\projects\final project\project45\stats.h(35): error C4430: missing type specifier - int assumed. Note: C++ does not support default-int
     1>\\dav.edu\students\hs18$\cacarte87\my documents\visual studio 2013\projects\final project\project45\stats.h(17): error C2065: 'charac' : undeclared identifier
     1>\\dav.edu\students\hs18$\cacarte87\my documents\visual studio 2013\projects\final project\project45\stats.h(17): error C2065: 'c' : undeclared identifier
     1>\\dav.edu\students\hs18$\cacarte87\my documents\visual studio 2013\projects\final project\project45\stats.h(20): error C2065: 'charac' : undeclared identifier
     1>\\dav.edu\students\hs18$\cacarte87\my documents\visual studio 2013\projects\final project\project45\game.cpp(65): error C2660: 'Stats::setCharac' : function does not take 1 arguments
     1>\\dav.edu\students\hs18$\cacarte87\my documents\visual studio 2013\projects\final project\project45\game.cpp(71): error C2660: 'Stats::setCharac' : function does not take 1 arguments
     1>Done Building Project "\\dav.edu\Students\HS18$\cacarte87\My Documents\Visual Studio 2013\Projects\Final Project\Project45\Project45.vcxproj" (Build target(s)) -- FAILED.

Build FAILED.

Time Elapsed 00:00:01.24
